Removed Pin From Net: NetName=GND Pin=C17-1
Removed Pin From Net: NetName=GND Pin=C18-1
Removed Pin From Net: NetName=GND Pin=C19-1
Removed Pin From Net: NetName=GND Pin=C20-1
Removed Pin From Net: NetName=Net*_3 Pin=C20-2
Removed Pin From Net: NetName=GND Pin=C21-1
Removed Pin From Net: NetName=GND Pin=C22-1
Removed Pin From Net: NetName=GND Pin=C23-1
Removed Pin From Net: NetName=VCC Pin=C23-2
Removed Pin From Net: NetName=GND Pin=C24-1
Removed Pin From Net: NetName=VCC Pin=C24-2
Removed Pin From Net: NetName=GND Pin=C25-1
Removed Pin From Net: NetName=GND Pin=C26-1
Removed Pin From Net: NetName=GND Pin=C27-1
Removed Pin From Net: NetName=GND Pin=C28-1
Removed Pin From Net: NetName=GND Pin=C29-1
Removed Pin From Net: NetName=GND Pin=C30-1
Removed Pin From Net: NetName=GND Pin=C31-1
Removed Pin From Net: NetName=GND Pin=C32-1
Removed Pin From Net: NetName=GND Pin=C37-1
Removed Pin From Net: NetName=GND Pin=C38-5
Removed Pin From Net: NetName=GND Pin=J5-A1
Removed Pin From Net: NetName=VBUS Pin=J5-A4
Removed Pin From Net: NetName=VBUS Pin=J5-A9
Removed Pin From Net: NetName=GND Pin=J5-A12
Removed Pin From Net: NetName=GND Pin=J5-B1
Removed Pin From Net: NetName=VBUS Pin=J5-B4
Removed Pin From Net: NetName=VBUS Pin=J5-B9
Removed Pin From Net: NetName=GND Pin=J5-B12
Removed Pin From Net: NetName=GND Pin=J5-S1
Removed Pin From Net: NetName=GND Pin=J5-S2
Removed Pin From Net: NetName=GND Pin=J5-S3
Removed Pin From Net: NetName=GND Pin=J5-S4
Removed Pin From Net: NetName=GND Pin=J7-P1
Removed Pin From Net: NetName=GND Pin=J7-P2
Removed Pin From Net: NetName=GND Pin=J8-P$2
Removed Pin From Net: NetName=GND Pin=J9-P$2
Removed Pin From Net: NetName=Net*_3 Pin=R21-2
Removed Pin From Net: NetName=Net*_3 Pin=R22-2
Removed Pin From Net: NetName=Net*_3 Pin=R23-1
Removed Pin From Net: NetName=GND Pin=R40-2
Removed Pin From Net: NetName=GND Pin=R43-1
Removed Pin From Net: NetName=GND Pin=R46-1
Removed Pin From Net: NetName=Net*_3 Pin=STA.TR1-1
Removed Pin From Net: NetName=GND Pin=SW3-2
Removed Pin From Net: NetName=Net*_3 Pin=SW4-1
Removed Pin From Net: NetName=GND Pin=SW4-2
Removed Pin From Net: NetName=GND Pin=U7-1
Removed Pin From Net: NetName=VCC Pin=U7-3
Removed Pin From Net: NetName=GND Pin=X1-1
Removed Pin From Net: NetName=Net*_3 Pin=X1-3
Removed Pin From Net: NetName=GND Pin=X1-40
Removed Pin From Net: NetName=GND Pin=X1-41
Removed Pin From Net: NetName=GND Pin=X1-42
Removed Pin From Net: NetName=GND Pin=X1-43
Removed Pin From Net: NetName=GND Pin=X1-44
Removed Pin From Net: NetName=GND Pin=X1-45
Removed Pin From Net: NetName=GND Pin=X1-46
Removed Pin From Net: NetName=GND Pin=X1-47
Removed Pin From Net: NetName=GND Pin=X1-48
Removed Pin From Net: NetName=GND Pin=X1-49
Removed Member From Class: ClassName=balancing_robot_board Member=C17
Removed Member From Class: ClassName=balancing_robot_board Member=C18
Removed Member From Class: ClassName=balancing_robot_board Member=C19
Removed Member From Class: ClassName=balancing_robot_board Member=C20
Removed Member From Class: ClassName=balancing_robot_board Member=C21
Removed Member From Class: ClassName=balancing_robot_board Member=C22
Removed Member From Class: ClassName=balancing_robot_board Member=C23
Removed Member From Class: ClassName=balancing_robot_board Member=C24
Removed Member From Class: ClassName=balancing_robot_board Member=C25
Removed Member From Class: ClassName=balancing_robot_board Member=C26
Removed Member From Class: ClassName=balancing_robot_board Member=C27
Removed Member From Class: ClassName=balancing_robot_board Member=C28
Removed Member From Class: ClassName=balancing_robot_board Member=C29
Removed Member From Class: ClassName=balancing_robot_board Member=C30
Removed Member From Class: ClassName=balancing_robot_board Member=C31
Removed Member From Class: ClassName=balancing_robot_board Member=C32
Removed Member From Class: ClassName=balancing_robot_board Member=C33
Removed Member From Class: ClassName=balancing_robot_board Member=C34
Removed Member From Class: ClassName=balancing_robot_board Member=C35
Removed Member From Class: ClassName=balancing_robot_board Member=C36
Removed Member From Class: ClassName=balancing_robot_board Member=C37
Removed Member From Class: ClassName=balancing_robot_board Member=C38
Removed Member From Class: ClassName=balancing_robot_board Member=J5
Removed Member From Class: ClassName=balancing_robot_board Member=J7
Removed Member From Class: ClassName=balancing_robot_board Member=J8
Removed Member From Class: ClassName=balancing_robot_board Member=J9
Removed Member From Class: ClassName=balancing_robot_board Member=R19
Removed Member From Class: ClassName=balancing_robot_board Member=R20
Removed Member From Class: ClassName=balancing_robot_board Member=R21
Removed Member From Class: ClassName=balancing_robot_board Member=R22
Removed Member From Class: ClassName=balancing_robot_board Member=R23
Removed Member From Class: ClassName=balancing_robot_board Member=R24
Removed Member From Class: ClassName=balancing_robot_board Member=R27
Removed Member From Class: ClassName=balancing_robot_board Member=R28
Removed Member From Class: ClassName=balancing_robot_board Member=R29
Removed Member From Class: ClassName=balancing_robot_board Member=R30
Removed Member From Class: ClassName=balancing_robot_board Member=R31
Removed Member From Class: ClassName=balancing_robot_board Member=R32
Removed Member From Class: ClassName=balancing_robot_board Member=R33
Removed Member From Class: ClassName=balancing_robot_board Member=R34
Removed Member From Class: ClassName=balancing_robot_board Member=R35
Removed Member From Class: ClassName=balancing_robot_board Member=R36
Removed Member From Class: ClassName=balancing_robot_board Member=R37
Removed Member From Class: ClassName=balancing_robot_board Member=R38
Removed Member From Class: ClassName=balancing_robot_board Member=R39
Removed Member From Class: ClassName=balancing_robot_board Member=R40
Removed Member From Class: ClassName=balancing_robot_board Member=R41
Removed Member From Class: ClassName=balancing_robot_board Member=R42
Removed Member From Class: ClassName=balancing_robot_board Member=R43
Removed Member From Class: ClassName=balancing_robot_board Member=R44
Removed Member From Class: ClassName=balancing_robot_board Member=R45
Removed Member From Class: ClassName=balancing_robot_board Member=R46
Removed Member From Class: ClassName=balancing_robot_board Member=STA.TR1
Removed Member From Class: ClassName=balancing_robot_board Member=STA.TR2
Removed Member From Class: ClassName=balancing_robot_board Member=SW3
Removed Member From Class: ClassName=balancing_robot_board Member=SW4
Removed Member From Class: ClassName=balancing_robot_board Member=U6
Removed Member From Class: ClassName=balancing_robot_board Member=U7
Removed Member From Class: ClassName=balancing_robot_board Member=X1
Added Pin To Net: NetName=NetLED1_K Pin=LED1-K
Added Pin To Net: NetName=NetLED2_K Pin=LED2-K
Added Pin To Net: NetName=NetLED3_K Pin=LED3-K
